c:\users\nosuchfileexception\desktop\tcpqt\tgbotcpp\bot\x64\release\libcurl.dll
c:\users\nosuchfileexception\desktop\tcpqt\tgbotcpp\bot\x64\release\zlib1.dll
c:\users\nosuchfileexception\desktop\tcpqt\tgbotcpp\bot\x64\release\tgbot.dll
c:\users\nosuchfileexception\desktop\tcpqt\tgbotcpp\bot\x64\release\libssl-3-x64.dll
c:\users\nosuchfileexception\desktop\tcpqt\tgbotcpp\bot\x64\release\libcrypto-3-x64.dll
c:\users\nosuchfileexception\desktop\tcpqt\tgbotcpp\bot\bot\x64\release\vc143.pdb
c:\users\nosuchfileexception\desktop\tcpqt\tgbotcpp\bot\bot\x64\release\bot.obj
c:\users\nosuchfileexception\desktop\tcpqt\tgbotcpp\bot\bot\x64\release\coininfo.obj
c:\users\nosuchfileexception\desktop\tcpqt\tgbotcpp\bot\bot\x64\release\jsonparser.obj
c:\users\nosuchfileexception\desktop\tcpqt\tgbotcpp\bot\bot\x64\release\dbhelper.obj
c:\users\nosuchfileexception\desktop\tcpqt\tgbotcpp\bot\x64\release\bot.exe
c:\users\nosuchfileexception\desktop\tcpqt\tgbotcpp\bot\bot\x64\release\bot.ipdb
c:\users\nosuchfileexception\desktop\tcpqt\tgbotcpp\bot\x64\release\bot.pdb
c:\users\nosuchfileexception\desktop\tcpqt\tgbotcpp\bot\bot\x64\release\bot.iobj
c:\users\nosuchfileexception\desktop\tcpqt\tgbotcpp\bot\bot\x64\release\bot.tlog\bot.write.1u.tlog
c:\users\nosuchfileexception\desktop\tcpqt\tgbotcpp\bot\bot\x64\release\bot.tlog\cl.command.1.tlog
c:\users\nosuchfileexception\desktop\tcpqt\tgbotcpp\bot\bot\x64\release\bot.tlog\cl.items.tlog
c:\users\nosuchfileexception\desktop\tcpqt\tgbotcpp\bot\bot\x64\release\bot.tlog\cl.read.1.tlog
c:\users\nosuchfileexception\desktop\tcpqt\tgbotcpp\bot\bot\x64\release\bot.tlog\cl.write.1.tlog
c:\users\nosuchfileexception\desktop\tcpqt\tgbotcpp\bot\bot\x64\release\bot.tlog\link.command.1.tlog
c:\users\nosuchfileexception\desktop\tcpqt\tgbotcpp\bot\bot\x64\release\bot.tlog\link.read.1.tlog
c:\users\nosuchfileexception\desktop\tcpqt\tgbotcpp\bot\bot\x64\release\bot.tlog\link.write.1.tlog
